2021-11-12T05:28:28.544Z [[31merror[39m] : in updateLogoutInfo error {"pid":5364,"hostname":"PUKAVDTMS10-3","context":"UserController","extra":[{"key":"value"}]}
2021-11-12T05:28:28.548Z [[33mwarn[39m] : in updateLogoutInfo warn {"pid":5364,"hostname":"PUKAVDTMS10-3","context":"UserController","extra":[null]}
2021-11-12T05:30:03.828Z [[31merror[39m] : in updateLogoutInfo error {"pid":9920,"hostname":"PUKAVDTMS10-3","context":"UserController","extra":[{"key":"value"}]}
2021-11-12T05:30:03.842Z [[33mwarn[39m] : in updateLogoutInfo warn {"pid":9920,"hostname":"PUKAVDTMS10-3","context":"UserController","extra":[null]}
2021-11-12T05:32:26.349Z [[31merror[39m] : in updateLogoutInfo error {"pid":2492,"hostname":"PUKAVDTMS10-3","context":"UserController","extra":[{"key":"value"}]}
2021-11-12T05:32:26.353Z [[33mwarn[39m] : in updateLogoutInfo warn {"pid":2492,"hostname":"PUKAVDTMS10-3","context":"UserController","extra":[null]}
2021-11-12T05:36:18.214Z [[31merror[39m] : in updateLogoutInfo error {"pid":7200,"hostname":"PUKAVDTMS10-3","context":"UserController","extra":[{"key":"value"}]}
2021-11-12T05:36:18.219Z [[33mwarn[39m] : in updateLogoutInfo warn {"pid":7200,"hostname":"PUKAVDTMS10-3","context":"UserController","extra":[null]}
2021-11-12T05:39:33.718Z [[31merror[39m] : in updateLogoutInfo error {"pid":8672,"hostname":"PUKAVDTMS10-3","context":"UserController","extra":[{"key":"value"}]}
2021-11-12T05:39:33.723Z [[33mwarn[39m] : in updateLogoutInfo warn {"pid":8672,"hostname":"PUKAVDTMS10-3","context":"UserController","extra":[null]}
2021-11-12T05:42:38.130Z [[31merror[39m] : in updateLogoutInfo error {"pid":8052,"hostname":"PUKAVDTMS10-3","context":"UserController","extra":[{"key":"value"}]}
2021-11-12T05:42:38.133Z [[33mwarn[39m] : in updateLogoutInfo warn {"pid":8052,"hostname":"PUKAVDTMS10-3","context":"UserController","extra":[null]}
2021-11-12T05:48:15.337Z [[31merror[39m] : in updateLogoutInfo error {"pid":5400,"hostname":"PUKAVDTMS10-3","context":"UserController","extra":[{"key":"value"}]}
2021-11-12T05:48:15.344Z [[33mwarn[39m] : in updateLogoutInfo warn {"pid":5400,"hostname":"PUKAVDTMS10-3","context":"UserController","extra":[null]}
2021-11-12T05:49:49.483Z [[31merror[39m] : in updateLogoutInfo error {"pid":7748,"hostname":"PUKAVDTMS10-3","context":"UserController","extra":[{"key":"value"}]}
2021-11-12T05:49:49.486Z [[33mwarn[39m] : in updateLogoutInfo warn {"pid":7748,"hostname":"PUKAVDTMS10-3","context":"UserController","extra":[null]}
2021-11-12T05:58:31.686Z [[31merror[39m] : in updateLogoutInfo error {"pid":8368,"hostname":"PUKAVDTMS10-3","context":"UserController","extra":[{"key":"value"}]}
2021-11-12T05:58:31.691Z [[33mwarn[39m] : in updateLogoutInfo warn {"pid":8368,"hostname":"PUKAVDTMS10-3","context":"UserController","extra":[null]}
2021-11-12T09:18:59.411Z [[31merror[39m] : in updateLogoutInfo error {"pid":12424,"hostname":"PUKAVDTMS10-3","context":"UserController","extra":[{"key":"value"}]}
2021-11-12T09:18:59.415Z [[33mwarn[39m] : in updateLogoutInfo warn {"pid":12424,"hostname":"PUKAVDTMS10-3","context":"UserController","extra":[null]}
2021-11-12T10:22:21.206Z [[31merror[39m] : in updateLogoutInfo error {"pid":9040,"hostname":"PUKAVDTMS10-3","context":"UserController","extra":[{"key":"value"}]}
2021-11-12T10:22:21.216Z [[33mwarn[39m] : in updateLogoutInfo warn {"pid":9040,"hostname":"PUKAVDTMS10-3","context":"UserController","extra":[null]}
2021-11-12T11:00:18.187Z [[31merror[39m] : in updateLogoutInfo error {"pid":6084,"hostname":"PUKAVDTMS10-3","context":"UserController","extra":[{"key":"value"}]}
2021-11-12T11:00:18.190Z [[33mwarn[39m] : in updateLogoutInfo warn {"pid":6084,"hostname":"PUKAVDTMS10-3","context":"UserController","extra":[null]}
2021-11-12T11:01:03.989Z [[31merror[39m] : in updateLogoutInfo error {"pid":6084,"hostname":"PUKAVDTMS10-3","context":"UserController","extra":[{"key":"value"}]}
2021-11-12T11:01:03.991Z [[33mwarn[39m] : in updateLogoutInfo warn {"pid":6084,"hostname":"PUKAVDTMS10-3","context":"UserController","extra":[null]}
2021-11-12T13:18:13.448Z [[31merror[39m] : in updateLogoutInfo error {"pid":10020,"hostname":"PUKAVDTMS10-3","context":"UserController","extra":[{"key":"value"}]}
2021-11-12T13:18:13.452Z [[33mwarn[39m] : in updateLogoutInfo warn {"pid":10020,"hostname":"PUKAVDTMS10-3","context":"UserController","extra":[null]}
2021-11-12T13:34:05.518Z [[31merror[39m] : in updateLogoutInfo error {"pid":10720,"hostname":"PUKAVDTMS10-3","context":"UserController","extra":[{"key":"value"}]}
2021-11-12T13:34:05.522Z [[33mwarn[39m] : in updateLogoutInfo warn {"pid":10720,"hostname":"PUKAVDTMS10-3","context":"UserController","extra":[null]}
2021-11-12T13:38:26.231Z [[31merror[39m] : in updateLogoutInfo error {"pid":7832,"hostname":"PUKAVDTMS10-3","context":"UserController","extra":[{"key":"value"}]}
2021-11-12T13:38:26.235Z [[33mwarn[39m] : in updateLogoutInfo warn {"pid":7832,"hostname":"PUKAVDTMS10-3","context":"UserController","extra":[null]}
2021-11-12T13:40:30.646Z [[31merror[39m] : in updateLogoutInfo error {"pid":7832,"hostname":"PUKAVDTMS10-3","context":"UserController","extra":[{"key":"value"}]}
2021-11-12T13:40:30.653Z [[33mwarn[39m] : in updateLogoutInfo warn {"pid":7832,"hostname":"PUKAVDTMS10-3","context":"UserController","extra":[null]}
2021-11-12T13:42:13.410Z [[31merror[39m] : in updateLogoutInfo error {"pid":7832,"hostname":"PUKAVDTMS10-3","context":"UserController","extra":[{"key":"value"}]}
2021-11-12T13:42:13.413Z [[33mwarn[39m] : in updateLogoutInfo warn {"pid":7832,"hostname":"PUKAVDTMS10-3","context":"UserController","extra":[null]}
2021-11-12T13:42:47.866Z [[31merror[39m] : in updateLogoutInfo error {"pid":7832,"hostname":"PUKAVDTMS10-3","context":"UserController","extra":[{"key":"value"}]}
2021-11-12T13:42:47.868Z [[33mwarn[39m] : in updateLogoutInfo warn {"pid":7832,"hostname":"PUKAVDTMS10-3","context":"UserController","extra":[null]}
2021-11-15T06:59:20.090Z [[31merror[39m] : in updateLogoutInfo error {"pid":12124,"hostname":"PUKAVDTMS10-3","context":"UserController","extra":[{"key":"value"}]}
2021-11-15T06:59:20.144Z [[33mwarn[39m] : in updateLogoutInfo warn {"pid":12124,"hostname":"PUKAVDTMS10-3","context":"UserController","extra":[null]}
2021-11-15T07:00:11.241Z [[31merror[39m] : in updateLogoutInfo error {"pid":12124,"hostname":"PUKAVDTMS10-3","context":"UserController","extra":[{"key":"value"}]}
2021-11-15T07:00:11.243Z [[33mwarn[39m] : in updateLogoutInfo warn {"pid":12124,"hostname":"PUKAVDTMS10-3","context":"UserController","extra":[null]}
2021-11-15T07:00:19.165Z [[31merror[39m] : in updateLogoutInfo error {"pid":12124,"hostname":"PUKAVDTMS10-3","context":"UserController","extra":[{"key":"value"}]}
2021-11-15T07:00:19.168Z [[33mwarn[39m] : in updateLogoutInfo warn {"pid":12124,"hostname":"PUKAVDTMS10-3","context":"UserController","extra":[null]}
2021-11-15T07:02:33.881Z [[31merror[39m] : in updateLogoutInfo error {"pid":12124,"hostname":"PUKAVDTMS10-3","context":"UserController","extra":[{"key":"value"}]}
2021-11-15T07:02:33.884Z [[33mwarn[39m] : in updateLogoutInfo warn {"pid":12124,"hostname":"PUKAVDTMS10-3","context":"UserController","extra":[null]}
2021-11-15T07:03:35.892Z [[31merror[39m] : in updateLogoutInfo error {"pid":12124,"hostname":"PUKAVDTMS10-3","context":"UserController","extra":[{"key":"value"}]}
2021-11-15T07:03:35.894Z [[33mwarn[39m] : in updateLogoutInfo warn {"pid":12124,"hostname":"PUKAVDTMS10-3","context":"UserController","extra":[null]}
2021-11-15T09:07:46.002Z [[31merror[39m] : in updateLogoutInfo error {"pid":6116,"hostname":"PUKAVDTMS10-3","context":"UserController","extra":[{"key":"value"}]}
2021-11-15T09:07:46.006Z [[33mwarn[39m] : in updateLogoutInfo warn {"pid":6116,"hostname":"PUKAVDTMS10-3","context":"UserController","extra":[null]}
2021-11-15T09:09:02.947Z [[31merror[39m] : in updateLogoutInfo error {"pid":6116,"hostname":"PUKAVDTMS10-3","context":"UserController","extra":[{"key":"value"}]}
2021-11-15T09:09:02.949Z [[33mwarn[39m] : in updateLogoutInfo warn {"pid":6116,"hostname":"PUKAVDTMS10-3","context":"UserController","extra":[null]}
2021-11-15T09:12:44.521Z [[31merror[39m] : in updateLogoutInfo error {"pid":7252,"hostname":"PUKAVDTMS10-3","context":"UserController","extra":[{"key":"value"}]}
2021-11-15T09:12:44.525Z [[33mwarn[39m] : in updateLogoutInfo warn {"pid":7252,"hostname":"PUKAVDTMS10-3","context":"UserController","extra":[null]}
2021-11-15T09:15:41.150Z [[31merror[39m] : in updateLogoutInfo error {"pid":12392,"hostname":"PUKAVDTMS10-3","context":"UserController","extra":[{"key":"value"}]}
2021-11-15T09:15:41.156Z [[33mwarn[39m] : in updateLogoutInfo warn {"pid":12392,"hostname":"PUKAVDTMS10-3","context":"UserController","extra":[null]}
2021-11-15T09:17:30.135Z [[31merror[39m] : in updateLogoutInfo error {"pid":9108,"hostname":"PUKAVDTMS10-3","context":"UserController","extra":[{"key":"value"}]}
2021-11-15T09:17:30.138Z [[33mwarn[39m] : in updateLogoutInfo warn {"pid":9108,"hostname":"PUKAVDTMS10-3","context":"UserController","extra":[null]}
2021-11-15T09:17:59.668Z [[31merror[39m] : in updateLogoutInfo error {"pid":9108,"hostname":"PUKAVDTMS10-3","context":"UserController","extra":[{"key":"value"}]}
2021-11-15T09:17:59.671Z [[33mwarn[39m] : in updateLogoutInfo warn {"pid":9108,"hostname":"PUKAVDTMS10-3","context":"UserController","extra":[null]}
2021-11-15T09:21:30.641Z [[31merror[39m] : in updateLogoutInfo error {"pid":11212,"hostname":"PUKAVDTMS10-3","context":"UserController","extra":[{"key":"value"}]}
2021-11-15T09:21:30.646Z [[33mwarn[39m] : in updateLogoutInfo warn {"pid":11212,"hostname":"PUKAVDTMS10-3","context":"UserController","extra":[null]}
2021-11-15T09:28:58.052Z [[31merror[39m] : in updateLogoutInfo error {"pid":10760,"hostname":"PUKAVDTMS10-3","context":"UserController","extra":[{"key":"value"}]}
2021-11-15T09:28:58.056Z [[33mwarn[39m] : in updateLogoutInfo warn {"pid":10760,"hostname":"PUKAVDTMS10-3","context":"UserController","extra":[null]}
2021-11-15T09:33:07.971Z [[31merror[39m] : in updateLogoutInfo error {"pid":4552,"hostname":"PUKAVDTMS10-3","context":"UserController","extra":[{"key":"value"}]}
2021-11-15T09:33:07.975Z [[33mwarn[39m] : in updateLogoutInfo warn {"pid":4552,"hostname":"PUKAVDTMS10-3","context":"UserController","extra":[null]}
2021-11-15T09:40:07.312Z [[31merror[39m] : in updateLogoutInfo error {"pid":640,"hostname":"PUKAVDTMS10-3","context":"UserController","extra":[{"key":"value"}]}
2021-11-15T09:40:07.384Z [[33mwarn[39m] : in updateLogoutInfo warn {"pid":640,"hostname":"PUKAVDTMS10-3","context":"UserController","extra":[null]}
2021-11-15T09:40:41.400Z [[31merror[39m] : in updateLogoutInfo error {"pid":6384,"hostname":"PUKAVDTMS10-3","context":"UserController","extra":[{"key":"value"}]}
2021-11-15T09:40:41.406Z [[33mwarn[39m] : in updateLogoutInfo warn {"pid":6384,"hostname":"PUKAVDTMS10-3","context":"UserController","extra":[null]}
2021-11-15T10:25:41.254Z [[31merror[39m] : in updateLogoutInfo error {"pid":14580,"hostname":"PUKAVDTMS10-3","context":"UserController","extra":[{"key":"value"}]}
2021-11-15T10:25:41.258Z [[33mwarn[39m] : in updateLogoutInfo warn {"pid":14580,"hostname":"PUKAVDTMS10-3","context":"UserController","extra":[null]}
2021-11-15T10:26:55.013Z [[31merror[39m] : in updateLogoutInfo error {"pid":14580,"hostname":"PUKAVDTMS10-3","context":"UserController","extra":[{"key":"value"}]}
2021-11-15T10:26:55.016Z [[33mwarn[39m] : in updateLogoutInfo warn {"pid":14580,"hostname":"PUKAVDTMS10-3","context":"UserController","extra":[null]}
2021-11-15T10:29:10.096Z [[31merror[39m] : in updateLogoutInfo error {"pid":9872,"hostname":"PUKAVDTMS10-3","context":"UserController","extra":[{"key":"value"}]}
2021-11-15T10:29:10.100Z [[33mwarn[39m] : in updateLogoutInfo warn {"pid":9872,"hostname":"PUKAVDTMS10-3","context":"UserController","extra":[null]}
2021-11-15T10:32:02.016Z [[31merror[39m] : in updateLogoutInfo error {"pid":9872,"hostname":"PUKAVDTMS10-3","context":"UserController","extra":[{"key":"value"}]}
2021-11-15T10:32:02.020Z [[33mwarn[39m] : in updateLogoutInfo warn {"pid":9872,"hostname":"PUKAVDTMS10-3","context":"UserController","extra":[null]}
2021-11-15T13:51:45.797Z [[31merror[39m] : in fetchMasterData error {"pid":14416,"hostname":"PUKAVDTMS10-3","context":"UserController","extra":[{"key":"value"}]}
2021-11-15T13:51:45.802Z [[33mwarn[39m] : in fetchMasterData warn {"pid":14416,"hostname":"PUKAVDTMS10-3","context":"UserController","extra":[null]}
2021-11-15T14:02:11.295Z [[31merror[39m] : in fetchMasterData error {"pid":15240,"hostname":"PUKAVDTMS10-3","context":"UserController","extra":[{"key":"value"}]}
2021-11-15T14:02:11.299Z [[33mwarn[39m] : in fetchMasterData warn {"pid":15240,"hostname":"PUKAVDTMS10-3","context":"UserController","extra":[null]}
2021-11-15T14:56:19.303Z [[31merror[39m] : in fetchMasterData error {"pid":5356,"hostname":"PUKAVDTMS10-3","context":"UserController","extra":[{"key":"value"}]}
2021-11-15T14:56:19.309Z [[33mwarn[39m] : in fetchMasterData warn {"pid":5356,"hostname":"PUKAVDTMS10-3","context":"UserController","extra":[null]}
2021-11-15T14:58:57.683Z [[31merror[39m] : in fetchMasterData error {"pid":2656,"hostname":"PUKAVDTMS10-3","context":"UserController","extra":[{"key":"value"}]}
2021-11-15T14:58:57.692Z [[33mwarn[39m] : in fetchMasterData warn {"pid":2656,"hostname":"PUKAVDTMS10-3","context":"UserController","extra":[null]}
2021-11-15T15:12:00.723Z [[31merror[39m] : in fetchMasterData error {"pid":14952,"hostname":"PUKAVDTMS10-3","context":"UserController","extra":[{"key":"value"}]}
2021-11-15T15:12:00.743Z [[33mwarn[39m] : in fetchMasterData warn {"pid":14952,"hostname":"PUKAVDTMS10-3","context":"UserController","extra":[null]}
2021-11-15T16:42:00.809Z [[31merror[39m] : in fetchMasterData error {"pid":14952,"hostname":"PUKAVDTMS10-3","context":"UserController","extra":[{"key":"value"}]}
2021-11-15T16:42:00.865Z [[33mwarn[39m] : in fetchMasterData warn {"pid":14952,"hostname":"PUKAVDTMS10-3","context":"UserController","extra":[null]}
2021-11-15T16:51:53.249Z [[31merror[39m] : in updateLogoutInfo error {"pid":11212,"hostname":"PUKAVDTMS10-3","context":"UserController","extra":[{"key":"value"}]}
2021-11-15T16:51:53.252Z [[33mwarn[39m] : in updateLogoutInfo warn {"pid":11212,"hostname":"PUKAVDTMS10-3","context":"UserController","extra":[null]}
2021-11-15T16:54:23.052Z [[31merror[39m] : in updateLogoutInfo error {"pid":11424,"hostname":"PUKAVDTMS10-3","context":"UserController","extra":[{"key":"value"}]}
2021-11-15T16:54:23.087Z [[33mwarn[39m] : in updateLogoutInfo warn {"pid":11424,"hostname":"PUKAVDTMS10-3","context":"UserController","extra":[null]}
2021-11-15T16:54:42.245Z [[31merror[39m] : in fetchMasterData error {"pid":11424,"hostname":"PUKAVDTMS10-3","context":"UserController","extra":[{"key":"value"}]}
2021-11-15T16:54:42.253Z [[33mwarn[39m] : in fetchMasterData warn {"pid":11424,"hostname":"PUKAVDTMS10-3","context":"UserController","extra":[null]}
2021-11-15T16:55:49.111Z [[31merror[39m] : in fetchMasterData error {"pid":6816,"hostname":"PUKAVDTMS10-3","context":"UserController","extra":[{"key":"value"}]}
2021-11-15T16:55:49.121Z [[33mwarn[39m] : in fetchMasterData warn {"pid":6816,"hostname":"PUKAVDTMS10-3","context":"UserController","extra":[null]}
2021-11-15T17:04:04.547Z [[31merror[39m] : in updateLogoutInfo error {"pid":6816,"hostname":"PUKAVDTMS10-3","context":"UserController","extra":[{"key":"value"}]}
2021-11-15T17:04:04.549Z [[33mwarn[39m] : in updateLogoutInfo warn {"pid":6816,"hostname":"PUKAVDTMS10-3","context":"UserController","extra":[null]}
2021-11-15T17:05:44.969Z [[31merror[39m] : in updateLogoutInfo error {"pid":15308,"hostname":"PUKAVDTMS10-3","context":"UserController","extra":[{"key":"value"}]}
2021-11-15T17:05:44.973Z [[33mwarn[39m] : in updateLogoutInfo warn {"pid":15308,"hostname":"PUKAVDTMS10-3","context":"UserController","extra":[null]}
2021-11-15T17:10:43.667Z [[31merror[39m] : in updateLogoutInfo error {"pid":12144,"hostname":"PUKAVDTMS10-3","context":"UserController","extra":[{"key":"value"}]}
2021-11-15T17:10:43.671Z [[33mwarn[39m] : in updateLogoutInfo warn {"pid":12144,"hostname":"PUKAVDTMS10-3","context":"UserController","extra":[null]}
2021-11-15T17:32:44.550Z [[31merror[39m] : in updateLogoutInfo error {"pid":14540,"hostname":"PUKAVDTMS10-3","context":"UserController","extra":[{"key":"value"}]}
2021-11-15T17:32:44.554Z [[33mwarn[39m] : in updateLogoutInfo warn {"pid":14540,"hostname":"PUKAVDTMS10-3","context":"UserController","extra":[null]}
2021-11-15T17:41:24.914Z [[31merror[39m] : in updateLogoutInfo error {"pid":13484,"hostname":"PUKAVDTMS10-3","context":"UserController","extra":[{"key":"value"}]}
2021-11-15T17:41:24.918Z [[33mwarn[39m] : in updateLogoutInfo warn {"pid":13484,"hostname":"PUKAVDTMS10-3","context":"UserController","extra":[null]}
2021-11-15T17:42:41.186Z [[31merror[39m] : in updateLogoutInfo error {"pid":8540,"hostname":"PUKAVDTMS10-3","context":"UserController","extra":[{"key":"value"}]}
2021-11-15T17:42:41.287Z [[33mwarn[39m] : in updateLogoutInfo warn {"pid":8540,"hostname":"PUKAVDTMS10-3","context":"UserController","extra":[null]}
2021-11-15T17:43:42.910Z [[31merror[39m] : in updateLogoutInfo error {"pid":8540,"hostname":"PUKAVDTMS10-3","context":"UserController","extra":[{"key":"value"}]}
2021-11-15T17:43:42.912Z [[33mwarn[39m] : in updateLogoutInfo warn {"pid":8540,"hostname":"PUKAVDTMS10-3","context":"UserController","extra":[null]}
2021-11-15T18:09:37.865Z [[31merror[39m] : in updateLogoutInfo error {"pid":11636,"hostname":"PUKAVDTMS10-3","context":"UserController","extra":[{"key":"value"}]}
2021-11-15T18:09:37.874Z [[33mwarn[39m] : in updateLogoutInfo warn {"pid":11636,"hostname":"PUKAVDTMS10-3","context":"UserController","extra":[null]}
2021-11-15T18:11:49.266Z [[31merror[39m] : in updateLogoutInfo error {"pid":3804,"hostname":"PUKAVDTMS10-3","context":"UserController","extra":[{"key":"value"}]}
2021-11-15T18:11:49.271Z [[33mwarn[39m] : in updateLogoutInfo warn {"pid":3804,"hostname":"PUKAVDTMS10-3","context":"UserController","extra":[null]}
2021-11-15T18:12:50.255Z [[31merror[39m] : in updateLogoutInfo error {"pid":12556,"hostname":"PUKAVDTMS10-3","context":"UserController","extra":[{"key":"value"}]}
2021-11-15T18:12:50.259Z [[33mwarn[39m] : in updateLogoutInfo warn {"pid":12556,"hostname":"PUKAVDTMS10-3","context":"UserController","extra":[null]}
2021-11-16T07:21:17.577Z [[31merror[39m] : in updateLogoutInfo error {"pid":6268,"hostname":"PUKAVDTMS10-3","context":"UserController","extra":[{"key":"value"}]}
2021-11-16T07:21:17.580Z [[33mwarn[39m] : in updateLogoutInfo warn {"pid":6268,"hostname":"PUKAVDTMS10-3","context":"UserController","extra":[null]}
2021-11-23T14:07:33.375Z [[31merror[39m] : in getUserByUserId error {"pid":12256,"hostname":"PUKAVDTMS10-3","context":"UserController","extra":[{"key":"value"}]}
2021-11-23T14:07:33.379Z [[33mwarn[39m] : in getUserByUserId warn {"pid":12256,"hostname":"PUKAVDTMS10-3","context":"UserController","extra":[null]}
2021-11-24T04:54:05.729Z [[31merror[39m] : in getUserByUserId error {"pid":8236,"hostname":"PUKAVDTMS10-3","context":"UserController","extra":[{"key":"value"}]}
2021-11-24T04:54:05.732Z [[33mwarn[39m] : in getUserByUserId warn {"pid":8236,"hostname":"PUKAVDTMS10-3","context":"UserController","extra":[null]}
2021-11-24T04:54:05.835Z [[31merror[39m] : in createUserInfo error {"pid":8236,"hostname":"PUKAVDTMS10-3","context":"UserController","extra":[{"key":"value"}]}
2021-11-24T04:54:05.854Z [[33mwarn[39m] : in createUserInfo warn {"pid":8236,"hostname":"PUKAVDTMS10-3","context":"UserController","extra":[null]}
2021-11-24T04:55:31.063Z [[31merror[39m] : in getUserByUserId error {"pid":8236,"hostname":"PUKAVDTMS10-3","context":"UserController","extra":[{"key":"value"}]}
2021-11-24T04:55:31.065Z [[33mwarn[39m] : in getUserByUserId warn {"pid":8236,"hostname":"PUKAVDTMS10-3","context":"UserController","extra":[null]}
